<?xml version="1.0" encoding="UTF-8"?>
<!-- Generated by org.testng.reporters.JUnitReportReporter -->
<testsuite hostname="YASARA" name="web.DataValidateNGTest" tests="1" failures="0" timestamp="15 Jun 2015 20:40:39 GMT" time="0.025" errors="0">
  <testcase name="testValidate" time="0.025" classname="web.DataValidateNGTest"/>
</testsuite> <!-- web.DataValidateNGTest -->
